2025-04-11 10:34:19,036 - INFO - Successfully connected to the database
2025-04-11 10:34:28,139 - INFO - Found 1 Excel files to process
2025-04-11 10:34:28,139 - INFO - Processing file: _4.10.2025 - GROCERY - ALL - Projected KPI's COT - TG Fixed Public - Default_.xlsx
2025-04-11 10:34:39,214 - INFO - Table columns: ['ID', 'Updated', 'Class of Trade', 'Division', 'Sub Class', 'Regional Manager', 'Region', 'Market', 'BAM', 'Customer', 'Key Customer_Distributor', 'Plan To', 'Time', 'Major Product Class', 'Product Class', 'UPC / Series', 'Direct Projected Volume', 'Projected Spend', 'Direct Projected Gross $', 'Direct Projected Net $', 'Direct Projected COGS $', 'Direct Projected GM $', 'Projected GM %', 'Budget COT', 'Budget Spend', 'Budget Net Sales COT', 'Budget GM COT', 'Planned Slotting', 'Actual Slotting', 'Projected Volume', 'Net Qty (Cases)', 'Net Sales', 'COGS', 'Gross Margin', 'Contribution Margin', 'Planned Volume', 'Quota Std Cases', 'Quota Net Sales', 'Quota GM $']
2025-04-11 10:34:39,228 - INFO - Excel columns: ['Class of Trade', 'Division', 'Sub Class', 'Regional Manager', 'Region', 'Market', 'BAM', 'Customer', 'Key Customer_Distributor', 'Plan To', 'Time', 'Major Product Class', 'Product Class', 'UPC / Series', 'Direct Projected Volume', 'Projected Spend', 'Direct Projected Gross $', 'Direct Projected Net $', 'Direct Projected COGS $', 'Direct Projected GM $', 'Projected GM %', 'Budget COT', 'Budget Spend', 'Budget Net Sales COT', 'Budget GM COT', 'Planned Slotting', 'Actual Slotting', 'Projected Volume', 'Net Qty (Cases)', 'Net Sales', 'COGS', 'Gross Margin', 'Contribution Margin', 'Planned Volume', 'Quota (Standard Cases)', 'Quota (Net Sales)', 'Quota (GM $)']
2025-04-11 10:34:44,640 - INFO - First row data to insert: ('GROCERY', 'ENLOW, CHRIS', 'Default Sub Class', 'RING, MATTHEW R', 'CENTRAL', 'CHICAGO', None, 'C & S WHOLESALE, INC', 'C&S - Central', 'C&S PIGGLY WIGGLY MW', '01/01/2025', 'GENOVA', 'GENOVA', '4800000215', 140.0, 191.24, 3461.0, 3200.0, 1940.0, 1260.0, 0.3937, 89.0, 277.39, 1872.0, 552.0, 0.0, 0.0, 140.0, 140.0, 3095.0, 1940.39, 1154.0, 1154.0, 2.0, None, None, None)
2025-04-11 10:43:59,595 - INFO - Successfully inserted 72423 rows into tblProjectedDataPTP
2025-04-11 10:43:59,633 - INFO - Successfully inserted 72423 records from _4.10.2025 - GROCERY - ALL - Projected KPI's COT - TG Fixed Public - Default_.xlsx
2025-04-11 10:48:09,065 - INFO - Starting batch deletion of 72,423 records
2025-04-11 10:48:09,066 - INFO - Processing Q1 (01/01/2025)
2025-04-11 10:48:09,743 - INFO - Q1: Deleted 18148 records
2025-04-11 10:48:09,744 - INFO - Processing Q2 (04/01/2025)
2025-04-11 10:48:10,364 - INFO - Q2: Deleted 18149 records
2025-04-11 10:48:10,364 - INFO - Processing Q3 (07/01/2025)
2025-04-11 10:48:10,978 - INFO - Q3: Deleted 18063 records
2025-04-11 10:48:10,978 - INFO - Processing Q4 (10/01/2025)
2025-04-11 10:48:11,541 - INFO - Q4: Deleted 18063 records
2025-04-11 10:48:11,855 - INFO - Verification successful: No records remain for year 2025
2025-04-11 10:48:11,855 - INFO - Total records deleted: 72,423
2025-04-11 10:48:36,617 - INFO - Found 1 Excel files to process
2025-04-11 10:48:36,617 - INFO - Processing file: _4.10.2025 - GROCERY - ALL - Projected KPI's COT - TG Fixed Public - Default_.xlsx
2025-04-11 10:48:44,004 - INFO - Table columns: ['ID', 'Updated', 'Class of Trade', 'Division', 'Sub Class', 'Regional Manager', 'Region', 'Market', 'BAM', 'Customer', 'Key Customer_Distributor', 'Plan To', 'Time', 'Major Product Class', 'Product Class', 'UPC / Series', 'Direct Projected Volume', 'Projected Spend', 'Direct Projected Gross $', 'Direct Projected Net $', 'Direct Projected COGS $', 'Direct Projected GM $', 'Projected GM %', 'Budget COT', 'Budget Spend', 'Budget Net Sales COT', 'Budget GM COT', 'Planned Slotting', 'Actual Slotting', 'Projected Volume', 'Net Qty (Cases)', 'Net Sales', 'COGS', 'Gross Margin', 'Contribution Margin', 'Planned Volume', 'Quota Std Cases', 'Quota Net Sales', 'Quota GM $']
2025-04-11 10:48:44,004 - INFO - Excel columns: ['Class of Trade', 'Division', 'Sub Class', 'Regional Manager', 'Region', 'Market', 'BAM', 'Customer', 'Key Customer_Distributor', 'Plan To', 'Time', 'Major Product Class', 'Product Class', 'UPC / Series', 'Direct Projected Volume', 'Projected Spend', 'Direct Projected Gross $', 'Direct Projected Net $', 'Direct Projected COGS $', 'Direct Projected GM $', 'Projected GM %', 'Budget COT', 'Budget Spend', 'Budget Net Sales COT', 'Budget GM COT', 'Planned Slotting', 'Actual Slotting', 'Projected Volume', 'Net Qty (Cases)', 'Net Sales', 'COGS', 'Gross Margin', 'Contribution Margin', 'Planned Volume', 'Quota (Standard Cases)', 'Quota (Net Sales)', 'Quota (GM $)']
2025-04-11 10:48:49,217 - INFO - First row data to insert: ('GROCERY', 'ENLOW, CHRIS', 'Default Sub Class', 'RING, MATTHEW R', 'CENTRAL', 'CHICAGO', None, 'C & S WHOLESALE, INC', 'C&S - Central', 'C&S PIGGLY WIGGLY MW', '01/01/2025', 'GENOVA', 'GENOVA', '4800000215', 140.0, 191.24, 3461.0, 3200.0, 1940.0, 1260.0, 0.3937, 89.0, 277.39, 1872.0, 552.0, 0.0, 0.0, 140.0, 140.0, 3095.0, 1940.39, 1154.0, 1154.0, 2.0, None, None, None)
2025-04-11 10:56:31,111 - INFO - Database connection closed
